<?xml version="1.0" encoding="UTF-8"?>
<!-- Generated by org.testng.reporters.JUnitReportReporter -->
<testsuite skipped="0" hostname="Yvonnes-MacBook-Pro.local" name="com.se.runner.TestRunner" tests="2" failures="0" timestamp="10 May 2019 20:57:05 GMT" time="0.070" errors="0">
  <testcase name="feature" time="0.021" classname="com.se.runner.TestRunner"/>
  <testcase name="feature" time="0.049" classname="com.se.runner.TestRunner"/>
</testsuite> <!-- com.se.runner.TestRunner -->
